{"HikerTest.java":"import org.junit.*;\nimport static org.junit.Assert.*;\n\npublic class HikerTest {\n\n    @Test\n    public void life_the_universe_and_everything() {\n        int expected = 42;\n        int actual = Hiker.answer();\n        assertEquals(expected, actual);\n    }\n}\n","Hiker.java":"\npublic class Hiker {\n\n    public static int answer() {\n        return 6 * 9;\n    }\n}\n","cyber-dojo.sh":"rm -f *.class\nCLASSES=.:`ls *.jar | tr '\\n' ':'`\njavac -Xlint:unchecked -Xlint:deprecation -cp $CLASSES  *.java\nif [ $? -eq 0 ]; then\n  java -cp $CLASSES org.junit.runner.JUnitCore `ls -1 *Test*.class | grep -v '\\\\$' | sed 's/\\(.*\\)\\..*/\\1/'`\nfi","output":"JUnit version 4.11-SNAPSHOT-20120416-1530\n.E\nTime: 0.03\nThere was 1 failure:\n1) life_the_universe_and_everything(HikerTest)\njava.lang.AssertionError: expected:<42> but was:<54>\n\tat org.junit.Assert.fail(Assert.java:92)\n\tat org.junit.Assert.failNotEquals(Assert.java:646)\n\tat org.junit.Assert.assertEquals(Assert.java:127)\n\tat org.junit.Assert.assertEquals(Assert.java:471)\n\tat org.junit.Assert.assertEquals(Assert.java:455)\n\tat HikerTest.life_the_universe_and_everything(HikerTest.java:10)\n\tat sun.reflect.NativeMethodAccessorImpl.invoke0(Native Method)\n\tat sun.reflect.NativeMethodAccessorImpl.invoke(NativeMethodAccessorImpl.java:62)\n\tat sun.reflect.DelegatingMethodAccessorImpl.invoke(DelegatingMethodAccessorImpl.java:43)\n\tat java.lang.reflect.Method.invoke(Method.java:483)\n\tat org.junit.runners.model.FrameworkMethod$1.runReflectiveCall(FrameworkMethod.java:45)\n\tat org.junit.internal.runners.model.ReflectiveCallable.run(ReflectiveCallable.java:15)\n\tat org.junit.runners.model.FrameworkMethod.invokeExplosively(FrameworkMethod.java:42)\n\tat org.junit.internal.runners.statements.InvokeMethod.evaluate(InvokeMethod.java:20)\n\tat org.junit.runners.ParentRunner.runLeaf(ParentRunner.java:269)\n\tat org.junit.runners.BlockJUnit4ClassRunner.runChild(BlockJUnit4ClassRunner.java:69)\n\tat org.junit.runners.BlockJUnit4ClassRunner.runChild(BlockJUnit4ClassRunner.java:48)\n\tat org.junit.runners.ParentRunner$3.run(ParentRunner.java:237)\n\tat org.junit.runners.ParentRunner$1.schedule(ParentRunner.java:61)\n\tat org.junit.runners.ParentRunner.runChildren(ParentRunner.java:235)\n\tat org.junit.runners.ParentRunner.access$000(ParentRunner.java:51)\n\tat org.junit.runners.ParentRunner$2.evaluate(ParentRunner.java:228)\n\tat org.junit.runners.ParentRunner.run(ParentRunner.java:306)\n\tat org.junit.runners.Suite.runChild(Suite.java:128)\n\tat org.junit.runners.Suite.runChild(Suite.java:24)\n\tat org.junit.runners.ParentRunner$3.run(ParentRunner.java:237)\n\tat org.junit.runners.ParentRunner$1.schedule(ParentRunner.java:61)\n\tat org.junit.runners.ParentRunner.runChildren(ParentRunner.java:235)\n\tat org.junit.runners.ParentRunner.access$000(ParentRunner.java:51)\n\tat org.junit.runners.ParentRunner$2.evaluate(ParentRunner.java:228)\n\tat org.junit.runners.ParentRunner.run(ParentRunner.java:306)\n\tat org.junit.runner.JUnitCore.run(JUnitCore.java:151)\n\tat org.junit.runner.JUnitCore.run(JUnitCore.java:130)\n\tat org.junit.runner.JUnitCore.run(JUnitCore.java:111)\n\tat org.junit.runner.JUnitCore.runMain(JUnitCore.java:92)\n\tat org.junit.runner.JUnitCore.runMainAndExit(JUnitCore.java:47)\n\tat org.junit.runner.JUnitCore.main(JUnitCore.java:38)\n\nFAILURES!!!\nTests run: 1,  Failures: 1\n\n","instructions":"Write a program that prints the numbers from 1 to 100.\nBut for multiples of three print \"Fizz\" instead of the\nnumber and for the multiples of five print \"Buzz\". For\nnumbers which are multiples of both three and five\nprint \"FizzBuzz\".\n\nSample output:\n\n1\n2\nFizz\n4\nBuzz\nFizz\n7\n8\nFizz\nBuzz\n11\nFizz\n13\n14\nFizzBuzz\n16\n17\nFizz\n19\nBuzz\n... etc up to 100\n"}